<?xml version="1.0" encoding="UTF-8"?>
<!-- Generated by org.testng.reporters.JUnitReportReporter -->
<testsuite hostname="DESKTOP-SFFO0Q1" failures="0" tests="1" name="com.amdocs.mystore.testcases.IndexPageTest" time="55.891" errors="0" timestamp="2023-09-18T15:35:47 IST" skipped="0">
  <testcase classname="com.amdocs.mystore.testcases.IndexPageTest" name="loginTest" time="55.891"/>
</testsuite> <!-- com.amdocs.mystore.testcases.IndexPageTest -->
